<?xml version="1.0" encoding="UTF-8"?>
<testsuite xmlns:xsi="http://www.w3.org/2001/XMLSchema-instance" xsi:noNamespaceSchemaLocation="https://maven.apache.org/surefire/maven-surefire-plugin/xsd/surefire-test-report.xsd" name="BunTest" time="0.072" tests="6" errors="0" skipped="0" failures="0">
  <properties>
[...]
</properties>
  <testcase name="getName_WhenBunCreated_ReturnsCorrectName[Булочка: black bun, цена: 100]" classname="BunTest" time="0.012"/>
  <testcase name="getPrice_WhenBunCreated_ReturnsCorrectPrice[Булочка: black bun, цена: 100]" classname="BunTest" time="0"/>
  <testcase name="getName_WhenBunCreated_ReturnsCorrectName[Булочка: white bun, цена: 200]" classname="BunTest" time="0"/>
  <testcase name="getPrice_WhenBunCreated_ReturnsCorrectPrice[Булочка: white bun, цена: 200]" classname="BunTest" time="0"/>
  <testcase name="getName_WhenBunCreated_ReturnsCorrectName[Булочка: red bun, цена: 150,5]" classname="BunTest" time="0"/>
  <testcase name="getPrice_WhenBunCreated_ReturnsCorrectPrice[Булочка: red bun, цена: 150,5]" classname="BunTest" time="0"/>
</testsuite>