<?xml version="1.0" encoding="UTF-8"?>
<testsuite xmlns:xsi="http://www.w3.org/2001/XMLSchema-instance" xsi:noNamespaceSchemaLocation="https://maven.apache.org/surefire/maven-surefire-plugin/xsd/surefire-test-report.xsd" name="IngredientTest" time="0.006" tests="15" errors="0" skipped="0" failures="0">
  <properties>
[...]
</properties>
  <testcase name="getType_WhenIngredientCreated_ReturnsCorrectType[Тип: SAUCE, Название: hot sauce, Цена: 100]" classname="IngredientTest" time="0.002"/>
  <testcase name="getName_WhenIngredientCreated_ReturnsCorrectName[Тип: SAUCE, Название: hot sauce, Цена: 100]" classname="IngredientTest" time="0"/>
  <testcase name="getPrice_WhenIngredientCreated_ReturnsCorrectPrice[Тип: SAUCE, Название: hot sauce, Цена: 100]" classname="IngredientTest" time="0"/>
  <testcase name="getType_WhenIngredientCreated_ReturnsCorrectType[Тип: SAUCE, Название: sour cream, Цена: 200]" classname="IngredientTest" time="0"/>
  <testcase name="getName_WhenIngredientCreated_ReturnsCorrectName[Тип: SAUCE, Название: sour cream, Цена: 200]" classname="IngredientTest" time="0"/>
  <testcase name="getPrice_WhenIngredientCreated_ReturnsCorrectPrice[Тип: SAUCE, Название: sour cream, Цена: 200]" classname="IngredientTest" time="0"/>
  <testcase name="getType_WhenIngredientCreated_ReturnsCorrectType[Тип: FILLING, Название: cutlet, Цена: 100]" classname="IngredientTest" time="0"/>
  <testcase name="getName_WhenIngredientCreated_ReturnsCorrectName[Тип: FILLING, Название: cutlet, Цена: 100]" classname="IngredientTest" time="0"/>
  <testcase name="getPrice_WhenIngredientCreated_ReturnsCorrectPrice[Тип: FILLING, Название: cutlet, Цена: 100]" classname="IngredientTest" time="0.001"/>
  <testcase name="getType_WhenIngredientCreated_ReturnsCorrectType[Тип: FILLING, Название: dinosaur, Цена: 200]" classname="IngredientTest" time="0"/>
  <testcase name="getName_WhenIngredientCreated_ReturnsCorrectName[Тип: FILLING, Название: dinosaur, Цена: 200]" classname="IngredientTest" time="0"/>
  <testcase name="getPrice_WhenIngredientCreated_ReturnsCorrectPrice[Тип: FILLING, Название: dinosaur, Цена: 200]" classname="IngredientTest" time="0"/>
  <testcase name="getType_WhenIngredientCreated_ReturnsCorrectType[Тип: FILLING, Название: sausage, Цена: 300]" classname="IngredientTest" time="0"/>
  <testcase name="getName_WhenIngredientCreated_ReturnsCorrectName[Тип: FILLING, Название: sausage, Цена: 300]" classname="IngredientTest" time="0.001"/>
  <testcase name="getPrice_WhenIngredientCreated_ReturnsCorrectPrice[Тип: FILLING, Название: sausage, Цена: 300]" classname="IngredientTest" time="0"/>
</testsuite>